<?xml version="1.0" encoding="UTF-8"?>
<testng-results skipped="0" failed="0" total="3" passed="3">
  <reporter-output>
  </reporter-output>
  <suite name="Default suite" duration-ms="10230" started-at="2014-12-13T11:47:01Z" finished-at="2014-12-13T11:47:11Z">
    <groups>
    </groups>
    <test name="Default test" duration-ms="10230" started-at="2014-12-13T11:47:01Z" finished-at="2014-12-13T11:47:11Z">
      <class name="twitterFetcherTask.twitterFetcherTask.TwitterFetcherTest">
        <test-method status="PASS" signature="beforeSuite()[pri:0, instance:twitterFetcherTask.twitterFetcherTask.TwitterFetcherTest@4ba046fe]" name="beforeSuite" is-config="true" duration-ms="9" started-at="2014-12-13T14:47:01Z" finished-at="2014-12-13T14:47:01Z">
          <reporter-output>
          </reporter-output>
        </test-method> <!-- beforeSuite -->
        <test-method status="PASS" signature="beforeTest()[pri:0, instance:twitterFetcherTask.twitterFetcherTask.TwitterFetcherTest@4ba046fe]" name="beforeTest" is-config="true" duration-ms="0" started-at="2014-12-13T14:47:01Z" finished-at="2014-12-13T14:47:01Z">
          <reporter-output>
          </reporter-output>
        </test-method> <!-- beforeTest -->
        <test-method status="PASS" signature="beforeClass()[pri:0, instance:twitterFetcherTask.twitterFetcherTask.TwitterFetcherTest@4ba046fe]" name="beforeClass" is-config="true" duration-ms="1" started-at="2014-12-13T14:47:01Z" finished-at="2014-12-13T14:47:01Z">
          <reporter-output>
          </reporter-output>
        </test-method> <!-- beforeClass -->
        <test-method status="PASS" signature="setupDb()[pri:0, instance:twitterFetcherTask.twitterFetcherTask.TwitterFetcherTest@4ba046fe]" name="setupDb" duration-ms="241" started-at="2014-12-13T14:47:01Z" finished-at="2014-12-13T14:47:01Z">
          <reporter-output>
          </reporter-output>
        </test-method> <!-- setupDb -->
        <test-method status="PASS" signature="beforeMethod()[pri:0, instance:twitterFetcherTask.twitterFetcherTask.TwitterFetcherTest@4ba046fe]" name="beforeMethod" is-config="true" duration-ms="0" started-at="2014-12-13T14:47:01Z" finished-at="2014-12-13T14:47:01Z">
          <reporter-output>
          </reporter-output>
        </test-method> <!-- beforeMethod -->
        <test-method status="PASS" signature="afterMethod()[pri:0, instance:twitterFetcherTask.twitterFetcherTask.TwitterFetcherTest@4ba046fe]" name="afterMethod" is-config="true" duration-ms="0" started-at="2014-12-13T14:47:01Z" finished-at="2014-12-13T14:47:01Z">
          <reporter-output>
          </reporter-output>
        </test-method> <!-- afterMethod -->
        <test-method status="PASS" signature="beforeMethod()[pri:0, instance:twitterFetcherTask.twitterFetcherTask.TwitterFetcherTest@4ba046fe]" name="beforeMethod" is-config="true" duration-ms="0" started-at="2014-12-13T14:47:01Z" finished-at="2014-12-13T14:47:01Z">
          <reporter-output>
          </reporter-output>
        </test-method> <!-- beforeMethod -->
        <test-method status="PASS" signature="authentication()[pri:0, instance:twitterFetcherTask.twitterFetcherTask.TwitterFetcherTest@4ba046fe]" name="authentication" duration-ms="70" started-at="2014-12-13T14:47:01Z" finished-at="2014-12-13T14:47:01Z">
          <reporter-output>
          </reporter-output>
        </test-method> <!-- authentication -->
        <test-method status="PASS" signature="afterMethod()[pri:0, instance:twitterFetcherTask.twitterFetcherTask.TwitterFetcherTest@4ba046fe]" name="afterMethod" is-config="true" duration-ms="0" started-at="2014-12-13T14:47:01Z" finished-at="2014-12-13T14:47:01Z">
          <reporter-output>
          </reporter-output>
        </test-method> <!-- afterMethod -->
        <test-method status="PASS" signature="tweetServ()[pri:0, instance:twitterFetcherTask.twitterFetcherTask.TwitterFetcherTest@4ba046fe]" name="tweetServ" duration-ms="9902" started-at="2014-12-13T14:47:01Z" finished-at="2014-12-13T14:47:11Z">
          <reporter-output>
          </reporter-output>
        </test-method> <!-- tweetServ -->
        <test-method status="PASS" signature="beforeMethod()[pri:0, instance:twitterFetcherTask.twitterFetcherTask.TwitterFetcherTest@4ba046fe]" name="beforeMethod" is-config="true" duration-ms="0" started-at="2014-12-13T14:47:01Z" finished-at="2014-12-13T14:47:01Z">
          <reporter-output>
          </reporter-output>
        </test-method> <!-- beforeMethod -->
        <test-method status="PASS" signature="afterMethod()[pri:0, instance:twitterFetcherTask.twitterFetcherTask.TwitterFetcherTest@4ba046fe]" name="afterMethod" is-config="true" duration-ms="0" started-at="2014-12-13T14:47:11Z" finished-at="2014-12-13T14:47:11Z">
          <reporter-output>
          </reporter-output>
        </test-method> <!-- afterMethod -->
        <test-method status="PASS" signature="afterClass()[pri:0, instance:twitterFetcherTask.twitterFetcherTask.TwitterFetcherTest@4ba046fe]" name="afterClass" is-config="true" duration-ms="1" started-at="2014-12-13T14:47:11Z" finished-at="2014-12-13T14:47:11Z">
          <reporter-output>
          </reporter-output>
        </test-method> <!-- afterClass -->
        <test-method status="PASS" signature="afterTest()[pri:0, instance:twitterFetcherTask.twitterFetcherTask.TwitterFetcherTest@4ba046fe]" name="afterTest" is-config="true" duration-ms="0" started-at="2014-12-13T14:47:11Z" finished-at="2014-12-13T14:47:11Z">
          <reporter-output>
          </reporter-output>
        </test-method> <!-- afterTest -->
        <test-method status="PASS" signature="afterSuite()[pri:0, instance:twitterFetcherTask.twitterFetcherTask.TwitterFetcherTest@4ba046fe]" name="afterSuite" is-config="true" duration-ms="0" started-at="2014-12-13T14:47:11Z" finished-at="2014-12-13T14:47:11Z">
          <reporter-output>
          </reporter-output>
        </test-method> <!-- afterSuite -->
      </class> <!-- twitterFetcherTask.twitterFetcherTask.TwitterFetcherTest -->
    </test> <!-- Default test -->
  </suite> <!-- Default suite -->
</testng-results>
